<?xml version="1.0" encoding="UTF-8"?>
<!-- Generated by org.testng.reporters.JUnitReportReporter -->
<testsuite hostname="DESKTOP-UNOIIMH" name="dummyPrograms.HelloWorld" tests="1" failures="0" timestamp="8 Nov 2018 06:15:10 GMT" time="13.779" errors="0">
  <testcase name="helloworld1" time="13.779" classname="dummyPrograms.HelloWorld"/>
</testsuite> <!-- dummyPrograms.HelloWorld -->
